[38;5;112m[Appium][0m Welcome to Appium v2.15.0
[38;5;112m[Appium][0m Non-default server args:
[38;5;112m[Appium][0m { basePath: [32m'/wd/hub'[39m, loglevel: [32m'info'[39m, port: [33m52328[39m }
[38;5;112m[Appium][0m Attempting to load driver uiautomator2...
[38;5;112m[Appium][0m Appium REST http interface listener started on http://0.0.0.0:52328/wd/hub
[38;5;112m[Appium][0m You can provide the following URLs in your client code to connect to this server:
	http://192.168.1.52:52328/wd/hub
	http://127.0.0.1:52328/wd/hub (only accessible from the same host)
[38;5;112m[Appium][0m Available drivers:
[38;5;112m[Appium][0m   - uiautomator2@2.45.1 (automationName 'UiAutomator2')
[38;5;112m[Appium][0m No plugins have been installed. Use the "appium plugin" command to install the one(s) you want to use.
[38;5;86m[HTTP][0m [37m-->[39m [37mGET[39m [37m/wd/hub/status[39m [90m{}[39m
[38;5;86m[HTTP][0m [37m<-- GET /wd/hub/status [39m[32m200[39m [90m12 ms - 111[39m [90m[39m
[38;5;86m[HTTP][0m [37m-->[39m [37mGET[39m [37m/wd/hub/status[39m [90m{}[39m
[38;5;86m[HTTP][0m [37m<-- GET /wd/hub/status [39m[32m200[39m [90m2 ms - 111[39m [90m[39m
[38;5;86m[HTTP][0m [37m-->[39m [37mPOST[39m [37m/wd/hub/session[39m [90m{"desiredCapabilities":{"appium:systemPort":8211,"appium:udid":"c6b11d74","appium:autoGrantPermissions":true,"appium:newCommandTimeout":1800,"appium:platformName":"ANDROID","appium:appActivity":".Settings","appium:deviceName":"LENOVO Lenovo TB-X304L (Android 7.1.1)","platformName":"Android","appium:automationName":"uiautomator2","appium:platformVersion":"7.1.1","appium:appPackage":"com.android.settings"},"capabilities":{"firstMatch":[{"appium:appActivity":".Settings","appium:appPackage":"com.android.settings","appium:autoGrantPermissions":true,"appium:automationName":"uiautomator2","appium:deviceName":"LENOVO Lenovo TB-X304L (Android 7.1.1)","appium:newCommandTimeout":1800,"appium:platformName":"ANDROID","appium:platformVersion":"7.1.1","appium:systemPort":8211,"appium:udid":"c6b11d74","platformName":"android"}]}}[39m
[38;5;123m[BaseDriver][0m Ignoring capability 'appium:platformName=ANDROID' and using capability 'platformName=android'
[38;5;123m[BaseDriver][0m The capabilities ["platformName"] are standard capabilities and do not require "appium:" prefix
[38;5;112m[Appium][0m Attempting to find matching driver for automationName 'uiautomator2' and platformName 'android'
[38;5;112m[Appium][0m The 'uiautomator2' driver was installed and matched caps.
[38;5;112m[Appium][0m Will require it at C:\Users\Ritch\.appium\node_modules\appium-uiautomator2-driver
[38;5;82m[AppiumDriver@4bea][0m Appium v2.15.0 creating new AndroidUiautomator2Driver (v2.45.1) session
[38;5;82m[AppiumDriver@4bea][0m Checking BaseDriver versions for Appium and AndroidUiautomator2Driver
[38;5;82m[AppiumDriver@4bea][0m Appium's BaseDriver version is 9.15.0
[38;5;82m[AppiumDriver@4bea][0m AndroidUiautomator2Driver's BaseDriver version is 9.15.0
[38;5;202m[b520dac7][0m[38;5;-35m[AndroidUiautomator2Driver@0101][0m Session created with session id: b520dac7-a546-479e-826d-f596bec28e3d
[38;5;202m[b520dac7][0m[38;5;229m[ADB][0m Found 1 'build-tools' folders under 'C:\Users\Ritch\AppData\Local\Android\Sdk\platform-tools' (newest first):
[38;5;202m[b520dac7][0m[38;5;229m[ADB][0m     C:\Users\Ritch\AppData\Local\Android\Sdk\platform-tools\build-tools\29.0.3
[38;5;202m[b520dac7][0m[38;5;229m[ADB][0m Using 'adb.exe' from 'C:\Users\Ritch\AppData\Local\Android\Sdk\platform-tools\platform-tools\adb.exe'
[38;5;202m[b520dac7][0m[38;5;-35m[AndroidUiautomator2Driver@0101][0m Retrieving device list
[38;5;202m[b520dac7][0m[38;5;-35m[AndroidUiautomator2Driver@0101][0m Using device: c6b11d74
[38;5;202m[b520dac7][0m[38;5;229m[ADB][0m Using 'adb.exe' from 'C:\Users\Ritch\AppData\Local\Android\Sdk\platform-tools\platform-tools\adb.exe'
[38;5;202m[b520dac7][0m[38;5;-35m[AndroidUiautomator2Driver@0101][0m Starting 'com.android.settings' directly on the device
[38;5;202m[b520dac7][0m[38;5;-35m[AndroidUiautomator2Driver@0101][0m No app sent in, not parsing package/activity
[38;5;202m[b520dac7][0m[38;5;229m[ADB][0m Using 'apksigner.jar' from 'C:\Users\Ritch\AppData\Local\Android\Sdk\platform-tools\build-tools\29.0.3\lib\apksigner.jar'
[38;5;202m[b520dac7][0m[38;5;229m[ADB][0m 'C:\Users\Ritch\.appium\node_modules\appium-uiautomator2-driver\node_modules\appium-uiautomator2-server\apks\appium-uiautomator2-server-debug-androidTest.apk' is signed with the default certificate
[38;5;202m[b520dac7][0m[38;5;229m[ADB][0m 'C:\Users\Ritch\.appium\node_modules\appium-uiautomator2-driver\node_modules\appium-uiautomator2-server\apks\appium-uiautomator2-server-v6.0.9.apk' is signed with the default certificate
[38;5;202m[b520dac7][0m[38;5;-35m[AndroidUiautomator2Driver@0101][0m Server packages are not going to be (re)installed
[38;5;202m[b520dac7][0m[38;5;229m[ADB][0m Adding packages ["io.appium.settings","io.appium.uiautomator2.server","io.appium.uiautomator2.server.test"] to Doze whitelist
[38;5;202m[b520dac7][0m[38;5;229m[ADB][0m com.android.settings contains no permissions available for granting
[38;5;202m[b520dac7][0m[38;5;-35m[AndroidUiautomator2Driver@0101][0m Starting UIAutomator2 server 6.0.9
[38;5;202m[b520dac7][0m[38;5;-35m[AndroidUiautomator2Driver@0101][0m Using UIAutomator2 server from 'C:\Users\Ritch\.appium\node_modules\appium-uiautomator2-driver\node_modules\appium-uiautomator2-server\apks\appium-uiautomator2-server-v6.0.9.apk' and test from 'C:\Users\Ritch\.appium\node_modules\appium-uiautomator2-driver\node_modules\appium-uiautomator2-server\apks\appium-uiautomator2-server-debug-androidTest.apk'
[38;5;202m[b520dac7][0m[38;5;-35m[AndroidUiautomator2Driver@0101][0m Waiting up to 30000ms for UiAutomator2 to be online...
[38;5;202m[b520dac7][0m[38;5;-35m[AndroidUiautomator2Driver@0101][0m socket hang up
[38;5;202m[b520dac7][0m[38;5;-35m[AndroidUiautomator2Driver@0101][0m socket hang up
[38;5;202m[b520dac7][0m[38;5;-35m[AndroidUiautomator2Driver@0101][0m socket hang up
[38;5;202m[b520dac7][0m[38;5;-35m[AndroidUiautomator2Driver@0101][0m Determined the downstream protocol as 'W3C'
[38;5;202m[b520dac7][0m[38;5;-35m[AndroidUiautomator2Driver@0101][0m Screen already unlocked, doing nothing
[38;5;202m[b520dac7][0m[38;5;-35m[AndroidUiautomator2Driver@0101][0m Starting 'com.android.settings/.Settings and waiting for 'com.android.settings/.Settings'
[38;5;202m[b520dac7][0m[38;5;82m[AppiumDriver@4bea][0m New AndroidUiautomator2Driver session created successfully, session b520dac7-a546-479e-826d-f596bec28e3d added to master session list
[38;5;202m[b520dac7][0m[38;5;86m[HTTP][0m [37m<-- POST /wd/hub/session [39m[32m200[39m [90m10350 ms - 1090[39m [90m[39m
[38;5;202m[b520dac7][0m[38;5;86m[HTTP][0m [37m-->[39m [37mGET[39m [37m/wd/hub/session/b520dac7-a546-479e-826d-f596bec28e3d[39m [90m{}[39m
[38;5;202m[b520dac7][0m[38;5;86m[HTTP][0m [37m<-- GET /wd/hub/session/b520dac7-a546-479e-826d-f596bec28e3d [39m[32m200[39m [90m41 ms - 321[39m [90m[39m
[38;5;202m[b520dac7][0m[38;5;86m[HTTP][0m [37m-->[39m [37mGET[39m [37m/wd/hub/session/b520dac7-a546-479e-826d-f596bec28e3d[39m [90m{}[39m
[38;5;202m[b520dac7][0m[38;5;86m[HTTP][0m [37m<-- GET /wd/hub/session/b520dac7-a546-479e-826d-f596bec28e3d [39m[32m200[39m [90m13 ms - 321[39m [90m[39m
[38;5;86m[HTTP][0m [37m-->[39m [37mGET[39m [37m/wd/hub/status[39m [90m{}[39m
[38;5;86m[HTTP][0m [37m<-- GET /wd/hub/status [39m[32m200[39m [90m1 ms - 111[39m [90m[39m
[38;5;202m[b520dac7][0m[38;5;86m[HTTP][0m [37m-->[39m [37mPOST[39m [37m/wd/hub/session/b520dac7-a546-479e-826d-f596bec28e3d/timeouts[39m [90m{"implicit":60000}[39m
[38;5;202m[b520dac7][0m[38;5;86m[HTTP][0m [37m<-- POST /wd/hub/session/b520dac7-a546-479e-826d-f596bec28e3d/timeouts [39m[32m200[39m [90m2 ms - 14[39m [90m[39m
[38;5;202m[b520dac7][0m[38;5;86m[HTTP][0m [37m-->[39m [37mGET[39m [37m/wd/hub/session/b520dac7-a546-479e-826d-f596bec28e3d/appium/device/system_bars[39m [90m{}[39m
[38;5;202m[b520dac7][0m[38;5;86m[HTTP][0m [37m<-- GET /wd/hub/session/b520dac7-a546-479e-826d-f596bec28e3d/appium/device/system_bars [39m[32m200[39m [90m85 ms - 149[39m [90m[39m
[38;5;202m[b520dac7][0m[38;5;86m[HTTP][0m [37m-->[39m [37mPOST[39m [37m/wd/hub/session/b520dac7-a546-479e-826d-f596bec28e3d/appium/device/activate_app[39m [90m{"bundleId":"com.jimac.tsceres_android"}[39m
[38;5;202m[b520dac7][0m[38;5;86m[HTTP][0m [37m<-- POST /wd/hub/session/b520dac7-a546-479e-826d-f596bec28e3d/appium/device/activate_app [39m[32m200[39m [90m1291 ms - 14[39m [90m[39m
[38;5;202m[b520dac7][0m[38;5;86m[HTTP][0m [37m-->[39m [37mGET[39m [37m/wd/hub/session/b520dac7-a546-479e-826d-f596bec28e3d/source[39m [90m{}[39m
[38;5;202m[b520dac7][0m[38;5;-35m[AndroidUiautomator2Driver@0101][0m Driver proxy active, passing request on via HTTP proxy
[38;5;202m[b520dac7][0m[38;5;-35m[AndroidUiautomator2Driver@0101][0m Replacing sessionId aba2383a-f389-4c4e-96cf-8edd0d020a33 with b520dac7-a546-479e-826d-f596bec28e3d
[38;5;202m[b520dac7][0m[38;5;86m[HTTP][0m [37m<-- GET /wd/hub/session/b520dac7-a546-479e-826d-f596bec28e3d/source [39m[32m200[39m [90m1733 ms - 33989[39m [90m[39m
[38;5;202m[b520dac7][0m[38;5;86m[HTTP][0m [37m-->[39m [37mGET[39m [37m/wd/hub/session/b520dac7-a546-479e-826d-f596bec28e3d/screenshot[39m [90m{}[39m
[38;5;202m[b520dac7][0m[38;5;86m[HTTP][0m [37m<-- GET /wd/hub/session/b520dac7-a546-479e-826d-f596bec28e3d/screenshot [39m[32m200[39m [90m389 ms - 92132[39m [90m[39m
[38;5;202m[b520dac7][0m[38;5;86m[HTTP][0m [37m-->[39m [37mGET[39m [37m/wd/hub/session/b520dac7-a546-479e-826d-f596bec28e3d/source[39m [90m{}[39m
[38;5;202m[b520dac7][0m[38;5;-35m[AndroidUiautomator2Driver@0101][0m Driver proxy active, passing request on via HTTP proxy
[38;5;202m[b520dac7][0m[38;5;-35m[AndroidUiautomator2Driver@0101][0m Replacing sessionId aba2383a-f389-4c4e-96cf-8edd0d020a33 with b520dac7-a546-479e-826d-f596bec28e3d
[38;5;202m[b520dac7][0m[38;5;86m[HTTP][0m [37m<-- GET /wd/hub/session/b520dac7-a546-479e-826d-f596bec28e3d/source [39m[32m200[39m [90m104 ms - 6512[39m [90m[39m
[38;5;202m[b520dac7][0m[38;5;86m[HTTP][0m [37m-->[39m [37mGET[39m [37m/wd/hub/session/b520dac7-a546-479e-826d-f596bec28e3d/screenshot[39m [90m{}[39m
[38;5;202m[b520dac7][0m[38;5;86m[HTTP][0m [37m<-- GET /wd/hub/session/b520dac7-a546-479e-826d-f596bec28e3d/screenshot [39m[32m200[39m [90m829 ms - 441344[39m [90m[39m
[38;5;202m[b520dac7][0m[38;5;86m[HTTP][0m [37m-->[39m [37mGET[39m [37m/wd/hub/session/b520dac7-a546-479e-826d-f596bec28e3d/window/rect[39m [90m{}[39m
[38;5;202m[b520dac7][0m[38;5;86m[HTTP][0m [37m<-- GET /wd/hub/session/b520dac7-a546-479e-826d-f596bec28e3d/window/rect [39m[32m200[39m [90m12 ms - 49[39m [90m[39m
[38;5;202m[b520dac7][0m[38;5;86m[HTTP][0m [37m-->[39m [37mPOST[39m [37m/wd/hub/session/b520dac7-a546-479e-826d-f596bec28e3d/elements[39m [90m{"using":"xpath","value":"//*[@class = 'android.widget.EditText' and (@text = 'Usercode' or . = 'Usercode') and @resource-id = 'com.jimac.tsceres_android:id/editTextUserName']"}[39m
[38;5;202m[b520dac7][0m[38;5;86m[HTTP][0m [37m<-- POST /wd/hub/session/b520dac7-a546-479e-826d-f596bec28e3d/elements [39m[32m200[39m [90m423 ms - 139[39m [90m[39m
[38;5;202m[b520dac7][0m[38;5;86m[HTTP][0m [37m-->[39m [37mGET[39m [37m/wd/hub/session/b520dac7-a546-479e-826d-f596bec28e3d/element/00000000-0000-1a26-7fff-ffff000000c4/location[39m [90m{}[39m
[38;5;202m[b520dac7][0m[38;5;-35m[AndroidUiautomator2Driver@0101][0m Driver proxy active, passing request on via HTTP proxy
[38;5;202m[b520dac7][0m[38;5;-35m[AndroidUiautomator2Driver@0101][0m Replacing sessionId aba2383a-f389-4c4e-96cf-8edd0d020a33 with b520dac7-a546-479e-826d-f596bec28e3d
[38;5;202m[b520dac7][0m[38;5;86m[HTTP][0m [37m<-- GET /wd/hub/session/b520dac7-a546-479e-826d-f596bec28e3d/element/00000000-0000-1a26-7fff-ffff000000c4/location [39m[32m200[39m [90m54 ms - 78[39m [90m[39m
[38;5;202m[b520dac7][0m[38;5;86m[HTTP][0m [37m-->[39m [37mPOST[39m [37m/wd/hub/session/b520dac7-a546-479e-826d-f596bec28e3d/element/00000000-0000-1a26-7fff-ffff000000c4/clear[39m [90m{"id":"00000000-0000-1a26-7fff-ffff000000c4"}[39m
[38;5;202m[b520dac7][0m[38;5;86m[HTTP][0m [37m<-- POST /wd/hub/session/b520dac7-a546-479e-826d-f596bec28e3d/element/00000000-0000-1a26-7fff-ffff000000c4/clear [39m[32m200[39m [90m45 ms - 14[39m [90m[39m
[38;5;202m[b520dac7][0m[38;5;86m[HTTP][0m [37m-->[39m [37mPOST[39m [37m/wd/hub/session/b520dac7-a546-479e-826d-f596bec28e3d/element/00000000-0000-1a26-7fff-ffff000000c4/click[39m [90m{"id":"00000000-0000-1a26-7fff-ffff000000c4"}[39m
[38;5;202m[b520dac7][0m[38;5;86m[HTTP][0m [37m<-- POST /wd/hub/session/b520dac7-a546-479e-826d-f596bec28e3d/element/00000000-0000-1a26-7fff-ffff000000c4/click [39m[32m200[39m [90m539 ms - 14[39m [90m[39m
[38;5;202m[b520dac7][0m[38;5;86m[HTTP][0m [37m-->[39m [37mPOST[39m [37m/wd/hub/session/b520dac7-a546-479e-826d-f596bec28e3d/element/00000000-0000-1a26-7fff-ffff000000c4/value[39m [90m{"id":"00000000-0000-1a26-7fff-ffff000000c4","text":"000000","value":["0","0","0","0","0","0"]}[39m
[38;5;202m[b520dac7][0m[38;5;86m[HTTP][0m [37m<-- POST /wd/hub/session/b520dac7-a546-479e-826d-f596bec28e3d/element/00000000-0000-1a26-7fff-ffff000000c4/value [39m[32m200[39m [90m1053 ms - 14[39m [90m[39m
[38;5;202m[b520dac7][0m[38;5;86m[HTTP][0m [37m-->[39m [37mGET[39m [37m/wd/hub/session/b520dac7-a546-479e-826d-f596bec28e3d/source[39m [90m{}[39m
[38;5;202m[b520dac7][0m[38;5;-35m[AndroidUiautomator2Driver@0101][0m Driver proxy active, passing request on via HTTP proxy
[38;5;202m[b520dac7][0m[38;5;-35m[AndroidUiautomator2Driver@0101][0m Replacing sessionId aba2383a-f389-4c4e-96cf-8edd0d020a33 with b520dac7-a546-479e-826d-f596bec28e3d
[38;5;202m[b520dac7][0m[38;5;86m[HTTP][0m [37m<-- GET /wd/hub/session/b520dac7-a546-479e-826d-f596bec28e3d/source [39m[32m200[39m [90m102 ms - 6510[39m [90m[39m
[38;5;202m[b520dac7][0m[38;5;86m[HTTP][0m [37m-->[39m [37mGET[39m [37m/wd/hub/session/b520dac7-a546-479e-826d-f596bec28e3d/screenshot[39m [90m{}[39m
[38;5;202m[b520dac7][0m[38;5;86m[HTTP][0m [37m<-- GET /wd/hub/session/b520dac7-a546-479e-826d-f596bec28e3d/screenshot [39m[32m200[39m [90m845 ms - 443904[39m [90m[39m
[38;5;202m[b520dac7][0m[38;5;86m[HTTP][0m [37m-->[39m [37mGET[39m [37m/wd/hub/session/b520dac7-a546-479e-826d-f596bec28e3d/window/rect[39m [90m{}[39m
[38;5;202m[b520dac7][0m[38;5;86m[HTTP][0m [37m<-- GET /wd/hub/session/b520dac7-a546-479e-826d-f596bec28e3d/window/rect [39m[32m200[39m [90m14 ms - 49[39m [90m[39m
[38;5;202m[b520dac7][0m[38;5;86m[HTTP][0m [37m-->[39m [37mPOST[39m [37m/wd/hub/session/b520dac7-a546-479e-826d-f596bec28e3d/elements[39m [90m{"using":"xpath","value":"//*[@class = 'android.widget.EditText' and (@text = 'Password' or . = 'Password') and @resource-id = 'com.jimac.tsceres_android:id/editTextPassword']"}[39m
[38;5;202m[b520dac7][0m[38;5;86m[HTTP][0m [37m<-- POST /wd/hub/session/b520dac7-a546-479e-826d-f596bec28e3d/elements [39m[32m200[39m [90m93 ms - 139[39m [90m[39m
[38;5;202m[b520dac7][0m[38;5;86m[HTTP][0m [37m-->[39m [37mGET[39m [37m/wd/hub/session/b520dac7-a546-479e-826d-f596bec28e3d/element/00000000-0000-1a26-7fff-ffff000000c5/location[39m [90m{}[39m
[38;5;202m[b520dac7][0m[38;5;-35m[AndroidUiautomator2Driver@0101][0m Driver proxy active, passing request on via HTTP proxy
[38;5;202m[b520dac7][0m[38;5;-35m[AndroidUiautomator2Driver@0101][0m Replacing sessionId aba2383a-f389-4c4e-96cf-8edd0d020a33 with b520dac7-a546-479e-826d-f596bec28e3d
[38;5;202m[b520dac7][0m[38;5;86m[HTTP][0m [37m<-- GET /wd/hub/session/b520dac7-a546-479e-826d-f596bec28e3d/element/00000000-0000-1a26-7fff-ffff000000c5/location [39m[32m200[39m [90m34 ms - 78[39m [90m[39m
[38;5;202m[b520dac7][0m[38;5;86m[HTTP][0m [37m-->[39m [37mPOST[39m [37m/wd/hub/session/b520dac7-a546-479e-826d-f596bec28e3d/element/00000000-0000-1a26-7fff-ffff000000c5/clear[39m [90m{"id":"00000000-0000-1a26-7fff-ffff000000c5"}[39m
[38;5;202m[b520dac7][0m[38;5;86m[HTTP][0m [37m<-- POST /wd/hub/session/b520dac7-a546-479e-826d-f596bec28e3d/element/00000000-0000-1a26-7fff-ffff000000c5/clear [39m[32m200[39m [90m36 ms - 14[39m [90m[39m
[38;5;202m[b520dac7][0m[38;5;86m[HTTP][0m [37m-->[39m [37mPOST[39m [37m/wd/hub/session/b520dac7-a546-479e-826d-f596bec28e3d/element/00000000-0000-1a26-7fff-ffff000000c5/click[39m [90m{"id":"00000000-0000-1a26-7fff-ffff000000c5"}[39m
[38;5;202m[b520dac7][0m[38;5;86m[HTTP][0m [37m<-- POST /wd/hub/session/b520dac7-a546-479e-826d-f596bec28e3d/element/00000000-0000-1a26-7fff-ffff000000c5/click [39m[32m200[39m [90m532 ms - 14[39m [90m[39m
[38;5;202m[b520dac7][0m[38;5;86m[HTTP][0m [37m-->[39m [37mPOST[39m [37m/wd/hub/session/b520dac7-a546-479e-826d-f596bec28e3d/element/00000000-0000-1a26-7fff-ffff000000c5/value[39m [90m{"id":"00000000-0000-1a26-7fff-ffff000000c5","text":"123","value":["1","2","3"]}[39m
[38;5;202m[b520dac7][0m[38;5;86m[HTTP][0m [37m<-- POST /wd/hub/session/b520dac7-a546-479e-826d-f596bec28e3d/element/00000000-0000-1a26-7fff-ffff000000c5/value [39m[32m200[39m [90m1236 ms - 14[39m [90m[39m
[38;5;202m[b520dac7][0m[38;5;86m[HTTP][0m [37m-->[39m [37mGET[39m [37m/wd/hub/session/b520dac7-a546-479e-826d-f596bec28e3d/source[39m [90m{}[39m
[38;5;202m[b520dac7][0m[38;5;-35m[AndroidUiautomator2Driver@0101][0m Driver proxy active, passing request on via HTTP proxy
[38;5;202m[b520dac7][0m[38;5;-35m[AndroidUiautomator2Driver@0101][0m Replacing sessionId aba2383a-f389-4c4e-96cf-8edd0d020a33 with b520dac7-a546-479e-826d-f596bec28e3d
[38;5;202m[b520dac7][0m[38;5;86m[HTTP][0m [37m<-- GET /wd/hub/session/b520dac7-a546-479e-826d-f596bec28e3d/source [39m[32m200[39m [90m90 ms - 6505[39m [90m[39m
[38;5;202m[b520dac7][0m[38;5;86m[HTTP][0m [37m-->[39m [37mGET[39m [37m/wd/hub/session/b520dac7-a546-479e-826d-f596bec28e3d/screenshot[39m [90m{}[39m
[38;5;202m[b520dac7][0m[38;5;86m[HTTP][0m [37m<-- GET /wd/hub/session/b520dac7-a546-479e-826d-f596bec28e3d/screenshot [39m[32m200[39m [90m807 ms - 439808[39m [90m[39m
[38;5;202m[b520dac7][0m[38;5;86m[HTTP][0m [37m-->[39m [37mGET[39m [37m/wd/hub/session/b520dac7-a546-479e-826d-f596bec28e3d/window/rect[39m [90m{}[39m
[38;5;202m[b520dac7][0m[38;5;86m[HTTP][0m [37m<-- GET /wd/hub/session/b520dac7-a546-479e-826d-f596bec28e3d/window/rect [39m[32m200[39m [90m10 ms - 49[39m [90m[39m
[38;5;202m[b520dac7][0m[38;5;86m[HTTP][0m [37m-->[39m [37mPOST[39m [37m/wd/hub/session/b520dac7-a546-479e-826d-f596bec28e3d/elements[39m [90m{"using":"xpath","value":"//*[@class = 'android.widget.Button' and (@text = 'POS' or . = 'POS') and @resource-id = 'com.jimac.tsceres_android:id/btn_login_pos']"}[39m
[38;5;202m[b520dac7][0m[38;5;86m[HTTP][0m [37m<-- POST /wd/hub/session/b520dac7-a546-479e-826d-f596bec28e3d/elements [39m[32m200[39m [90m97 ms - 139[39m [90m[39m
[38;5;202m[b520dac7][0m[38;5;86m[HTTP][0m [37m-->[39m [37mGET[39m [37m/wd/hub/session/b520dac7-a546-479e-826d-f596bec28e3d/element/00000000-0000-1a26-7fff-ffff000000c6/location[39m [90m{}[39m
[38;5;202m[b520dac7][0m[38;5;-35m[AndroidUiautomator2Driver@0101][0m Driver proxy active, passing request on via HTTP proxy
[38;5;202m[b520dac7][0m[38;5;-35m[AndroidUiautomator2Driver@0101][0m Replacing sessionId aba2383a-f389-4c4e-96cf-8edd0d020a33 with b520dac7-a546-479e-826d-f596bec28e3d
[38;5;202m[b520dac7][0m[38;5;86m[HTTP][0m [37m<-- GET /wd/hub/session/b520dac7-a546-479e-826d-f596bec28e3d/element/00000000-0000-1a26-7fff-ffff000000c6/location [39m[32m200[39m [90m30 ms - 78[39m [90m[39m
[38;5;202m[b520dac7][0m[38;5;86m[HTTP][0m [37m-->[39m [37mPOST[39m [37m/wd/hub/session/b520dac7-a546-479e-826d-f596bec28e3d/element/00000000-0000-1a26-7fff-ffff000000c6/click[39m [90m{"id":"00000000-0000-1a26-7fff-ffff000000c6"}[39m
[38;5;202m[b520dac7][0m[38;5;86m[HTTP][0m [37m<-- POST /wd/hub/session/b520dac7-a546-479e-826d-f596bec28e3d/element/00000000-0000-1a26-7fff-ffff000000c6/click [39m[32m200[39m [90m45 ms - 14[39m [90m[39m
[38;5;202m[b520dac7][0m[38;5;86m[HTTP][0m [37m-->[39m [37mGET[39m [37m/wd/hub/session/b520dac7-a546-479e-826d-f596bec28e3d/source[39m [90m{}[39m
[38;5;202m[b520dac7][0m[38;5;-35m[AndroidUiautomator2Driver@0101][0m Driver proxy active, passing request on via HTTP proxy
[38;5;202m[b520dac7][0m[38;5;-35m[AndroidUiautomator2Driver@0101][0m Replacing sessionId aba2383a-f389-4c4e-96cf-8edd0d020a33 with b520dac7-a546-479e-826d-f596bec28e3d
[38;5;202m[b520dac7][0m[38;5;86m[HTTP][0m [37m<-- GET /wd/hub/session/b520dac7-a546-479e-826d-f596bec28e3d/source [39m[32m200[39m [90m215 ms - 6506[39m [90m[39m
[38;5;202m[b520dac7][0m[38;5;86m[HTTP][0m [37m-->[39m [37mGET[39m [37m/wd/hub/session/b520dac7-a546-479e-826d-f596bec28e3d/screenshot[39m [90m{}[39m
[38;5;202m[b520dac7][0m[38;5;86m[HTTP][0m [37m<-- GET /wd/hub/session/b520dac7-a546-479e-826d-f596bec28e3d/screenshot [39m[32m200[39m [90m809 ms - 381892[39m [90m[39m
[38;5;202m[b520dac7][0m[38;5;86m[HTTP][0m [37m-->[39m [37mGET[39m [37m/wd/hub/session/b520dac7-a546-479e-826d-f596bec28e3d/source[39m [90m{}[39m
[38;5;202m[b520dac7][0m[38;5;-35m[AndroidUiautomator2Driver@0101][0m Driver proxy active, passing request on via HTTP proxy
[38;5;202m[b520dac7][0m[38;5;-35m[AndroidUiautomator2Driver@0101][0m Replacing sessionId aba2383a-f389-4c4e-96cf-8edd0d020a33 with b520dac7-a546-479e-826d-f596bec28e3d
[38;5;202m[b520dac7][0m[38;5;86m[HTTP][0m [37m<-- GET /wd/hub/session/b520dac7-a546-479e-826d-f596bec28e3d/source [39m[32m200[39m [90m316 ms - 33994[39m [90m[39m
[38;5;202m[b520dac7][0m[38;5;86m[HTTP][0m [37m-->[39m [37mGET[39m [37m/wd/hub/session/b520dac7-a546-479e-826d-f596bec28e3d/screenshot[39m [90m{}[39m
[38;5;202m[b520dac7][0m[38;5;86m[HTTP][0m [37m<-- GET /wd/hub/session/b520dac7-a546-479e-826d-f596bec28e3d/screenshot [39m[32m200[39m [90m362 ms - 92652[39m [90m[39m
[38;5;202m[b520dac7][0m[38;5;86m[HTTP][0m [37m-->[39m [37mGET[39m [37m/wd/hub/session/b520dac7-a546-479e-826d-f596bec28e3d/window/rect[39m [90m{}[39m
[38;5;202m[b520dac7][0m[38;5;86m[HTTP][0m [37m<-- GET /wd/hub/session/b520dac7-a546-479e-826d-f596bec28e3d/window/rect [39m[32m200[39m [90m10 ms - 49[39m [90m[39m
[38;5;202m[b520dac7][0m[38;5;86m[HTTP][0m [37m-->[39m [37mPOST[39m [37m/wd/hub/session/b520dac7-a546-479e-826d-f596bec28e3d/elements[39m [90m{"using":"xpath","value":"//*[@class = 'android.widget.Button' and (@text = 'BLACK COFFEE' or . = 'BLACK COFFEE')]"}[39m
[38;5;202m[b520dac7][0m[38;5;86m[HTTP][0m [37m<-- POST /wd/hub/session/b520dac7-a546-479e-826d-f596bec28e3d/elements [39m[32m200[39m [90m335 ms - 139[39m [90m[39m
[38;5;202m[b520dac7][0m[38;5;86m[HTTP][0m [37m-->[39m [37mGET[39m [37m/wd/hub/session/b520dac7-a546-479e-826d-f596bec28e3d/element/00000000-0000-1a27-7fff-ffff00000117/location[39m [90m{}[39m
[38;5;202m[b520dac7][0m[38;5;-35m[AndroidUiautomator2Driver@0101][0m Driver proxy active, passing request on via HTTP proxy
[38;5;202m[b520dac7][0m[38;5;-35m[AndroidUiautomator2Driver@0101][0m Replacing sessionId aba2383a-f389-4c4e-96cf-8edd0d020a33 with b520dac7-a546-479e-826d-f596bec28e3d
[38;5;202m[b520dac7][0m[38;5;86m[HTTP][0m [37m<-- GET /wd/hub/session/b520dac7-a546-479e-826d-f596bec28e3d/element/00000000-0000-1a27-7fff-ffff00000117/location [39m[32m200[39m [90m32 ms - 78[39m [90m[39m
[38;5;202m[b520dac7][0m[38;5;86m[HTTP][0m [37m-->[39m [37mPOST[39m [37m/wd/hub/session/b520dac7-a546-479e-826d-f596bec28e3d/element/00000000-0000-1a27-7fff-ffff00000117/click[39m [90m{"id":"00000000-0000-1a27-7fff-ffff00000117"}[39m
[38;5;202m[b520dac7][0m[38;5;86m[HTTP][0m [37m<-- POST /wd/hub/session/b520dac7-a546-479e-826d-f596bec28e3d/element/00000000-0000-1a27-7fff-ffff00000117/click [39m[32m200[39m [90m45 ms - 14[39m [90m[39m
[38;5;202m[b520dac7][0m[38;5;86m[HTTP][0m [37m-->[39m [37mGET[39m [37m/wd/hub/session/b520dac7-a546-479e-826d-f596bec28e3d/source[39m [90m{}[39m
[38;5;202m[b520dac7][0m[38;5;-35m[AndroidUiautomator2Driver@0101][0m Driver proxy active, passing request on via HTTP proxy
[38;5;202m[b520dac7][0m[38;5;-35m[AndroidUiautomator2Driver@0101][0m Replacing sessionId aba2383a-f389-4c4e-96cf-8edd0d020a33 with b520dac7-a546-479e-826d-f596bec28e3d
[38;5;202m[b520dac7][0m[38;5;86m[HTTP][0m [37m<-- GET /wd/hub/session/b520dac7-a546-479e-826d-f596bec28e3d/source [39m[32m200[39m [90m535 ms - 36896[39m [90m[39m
[38;5;202m[b520dac7][0m[38;5;86m[HTTP][0m [37m-->[39m [37mGET[39m [37m/wd/hub/session/b520dac7-a546-479e-826d-f596bec28e3d/screenshot[39m [90m{}[39m
[38;5;202m[b520dac7][0m[38;5;86m[HTTP][0m [37m<-- GET /wd/hub/session/b520dac7-a546-479e-826d-f596bec28e3d/screenshot [39m[32m200[39m [90m363 ms - 97108[39m [90m[39m
[38;5;202m[b520dac7][0m[38;5;86m[HTTP][0m [37m-->[39m [37mGET[39m [37m/wd/hub/session/b520dac7-a546-479e-826d-f596bec28e3d/window/rect[39m [90m{}[39m
[38;5;202m[b520dac7][0m[38;5;86m[HTTP][0m [37m<-- GET /wd/hub/session/b520dac7-a546-479e-826d-f596bec28e3d/window/rect [39m[32m200[39m [90m11 ms - 49[39m [90m[39m
[38;5;202m[b520dac7][0m[38;5;86m[HTTP][0m [37m-->[39m [37mPOST[39m [37m/wd/hub/session/b520dac7-a546-479e-826d-f596bec28e3d/elements[39m [90m{"using":"xpath","value":"//*[@class = 'android.widget.Button' and (@text = 'PASTA' or . = 'PASTA')]"}[39m
[38;5;202m[b520dac7][0m[38;5;86m[HTTP][0m [37m<-- POST /wd/hub/session/b520dac7-a546-479e-826d-f596bec28e3d/elements [39m[32m200[39m [90m486 ms - 139[39m [90m[39m
[38;5;202m[b520dac7][0m[38;5;86m[HTTP][0m [37m-->[39m [37mGET[39m [37m/wd/hub/session/b520dac7-a546-479e-826d-f596bec28e3d/element/00000000-0000-1a27-7fff-ffff00000115/location[39m [90m{}[39m
[38;5;202m[b520dac7][0m[38;5;-35m[AndroidUiautomator2Driver@0101][0m Driver proxy active, passing request on via HTTP proxy
[38;5;202m[b520dac7][0m[38;5;-35m[AndroidUiautomator2Driver@0101][0m Replacing sessionId aba2383a-f389-4c4e-96cf-8edd0d020a33 with b520dac7-a546-479e-826d-f596bec28e3d
[38;5;202m[b520dac7][0m[38;5;86m[HTTP][0m [37m<-- GET /wd/hub/session/b520dac7-a546-479e-826d-f596bec28e3d/element/00000000-0000-1a27-7fff-ffff00000115/location [39m[32m200[39m [90m77 ms - 78[39m [90m[39m
[38;5;202m[b520dac7][0m[38;5;86m[HTTP][0m [37m-->[39m [37mPOST[39m [37m/wd/hub/session/b520dac7-a546-479e-826d-f596bec28e3d/element/00000000-0000-1a27-7fff-ffff00000115/click[39m [90m{"id":"00000000-0000-1a27-7fff-ffff00000115"}[39m
[38;5;202m[b520dac7][0m[38;5;86m[HTTP][0m [37m<-- POST /wd/hub/session/b520dac7-a546-479e-826d-f596bec28e3d/element/00000000-0000-1a27-7fff-ffff00000115/click [39m[32m200[39m [90m44 ms - 14[39m [90m[39m
[38;5;202m[b520dac7][0m[38;5;86m[HTTP][0m [37m-->[39m [37mGET[39m [37m/wd/hub/session/b520dac7-a546-479e-826d-f596bec28e3d/source[39m [90m{}[39m
[38;5;202m[b520dac7][0m[38;5;-35m[AndroidUiautomator2Driver@0101][0m Driver proxy active, passing request on via HTTP proxy
[38;5;202m[b520dac7][0m[38;5;-35m[AndroidUiautomator2Driver@0101][0m Replacing sessionId aba2383a-f389-4c4e-96cf-8edd0d020a33 with b520dac7-a546-479e-826d-f596bec28e3d
[38;5;202m[b520dac7][0m[38;5;86m[HTTP][0m [37m<-- GET /wd/hub/session/b520dac7-a546-479e-826d-f596bec28e3d/source [39m[32m200[39m [90m386 ms - 36893[39m [90m[39m
[38;5;202m[b520dac7][0m[38;5;86m[HTTP][0m [37m-->[39m [37mGET[39m [37m/wd/hub/session/b520dac7-a546-479e-826d-f596bec28e3d/screenshot[39m [90m{}[39m
[38;5;202m[b520dac7][0m[38;5;86m[HTTP][0m [37m<-- GET /wd/hub/session/b520dac7-a546-479e-826d-f596bec28e3d/screenshot [39m[32m200[39m [90m493 ms - 97032[39m [90m[39m
[38;5;202m[b520dac7][0m[38;5;86m[HTTP][0m [37m-->[39m [37mGET[39m [37m/wd/hub/session/b520dac7-a546-479e-826d-f596bec28e3d/window/rect[39m [90m{}[39m
[38;5;202m[b520dac7][0m[38;5;86m[HTTP][0m [37m<-- GET /wd/hub/session/b520dac7-a546-479e-826d-f596bec28e3d/window/rect [39m[32m200[39m [90m9 ms - 49[39m [90m[39m
[38;5;202m[b520dac7][0m[38;5;86m[HTTP][0m [37m-->[39m [37mPOST[39m [37m/wd/hub/session/b520dac7-a546-479e-826d-f596bec28e3d/elements[39m [90m{"using":"xpath","value":"//*[@class = 'android.widget.Button' and (@text = 'CARBONARA' or . = 'CARBONARA')]"}[39m
[38;5;202m[b520dac7][0m[38;5;86m[HTTP][0m [37m<-- POST /wd/hub/session/b520dac7-a546-479e-826d-f596bec28e3d/elements [39m[32m200[39m [90m211 ms - 139[39m [90m[39m
[38;5;202m[b520dac7][0m[38;5;86m[HTTP][0m [37m-->[39m [37mGET[39m [37m/wd/hub/session/b520dac7-a546-479e-826d-f596bec28e3d/element/00000000-0000-1a27-7fff-ffff0000016e/location[39m [90m{}[39m
[38;5;202m[b520dac7][0m[38;5;-35m[AndroidUiautomator2Driver@0101][0m Driver proxy active, passing request on via HTTP proxy
[38;5;202m[b520dac7][0m[38;5;-35m[AndroidUiautomator2Driver@0101][0m Replacing sessionId aba2383a-f389-4c4e-96cf-8edd0d020a33 with b520dac7-a546-479e-826d-f596bec28e3d
[38;5;202m[b520dac7][0m[38;5;86m[HTTP][0m [37m<-- GET /wd/hub/session/b520dac7-a546-479e-826d-f596bec28e3d/element/00000000-0000-1a27-7fff-ffff0000016e/location [39m[32m200[39m [90m283 ms - 78[39m [90m[39m
[38;5;202m[b520dac7][0m[38;5;86m[HTTP][0m [37m-->[39m [37mPOST[39m [37m/wd/hub/session/b520dac7-a546-479e-826d-f596bec28e3d/element/00000000-0000-1a27-7fff-ffff0000016e/click[39m [90m{"id":"00000000-0000-1a27-7fff-ffff0000016e"}[39m
[38;5;202m[b520dac7][0m[38;5;86m[HTTP][0m [37m<-- POST /wd/hub/session/b520dac7-a546-479e-826d-f596bec28e3d/element/00000000-0000-1a27-7fff-ffff0000016e/click [39m[32m200[39m [90m55 ms - 14[39m [90m[39m
[38;5;202m[b520dac7][0m[38;5;86m[HTTP][0m [37m-->[39m [37mGET[39m [37m/wd/hub/session/b520dac7-a546-479e-826d-f596bec28e3d/source[39m [90m{}[39m
[38;5;202m[b520dac7][0m[38;5;-35m[AndroidUiautomator2Driver@0101][0m Driver proxy active, passing request on via HTTP proxy
[38;5;202m[b520dac7][0m[38;5;-35m[AndroidUiautomator2Driver@0101][0m Replacing sessionId aba2383a-f389-4c4e-96cf-8edd0d020a33 with b520dac7-a546-479e-826d-f596bec28e3d
[38;5;202m[b520dac7][0m[38;5;86m[HTTP][0m [37m<-- GET /wd/hub/session/b520dac7-a546-479e-826d-f596bec28e3d/source [39m[32m200[39m [90m702 ms - 39728[39m [90m[39m
[38;5;202m[b520dac7][0m[38;5;86m[HTTP][0m [37m-->[39m [37mGET[39m [37m/wd/hub/session/b520dac7-a546-479e-826d-f596bec28e3d/screenshot[39m [90m{}[39m
[38;5;202m[b520dac7][0m[38;5;86m[HTTP][0m [37m<-- GET /wd/hub/session/b520dac7-a546-479e-826d-f596bec28e3d/screenshot [39m[32m200[39m [90m377 ms - 101420[39m [90m[39m
[38;5;202m[b520dac7][0m[38;5;86m[HTTP][0m [37m-->[39m [37mGET[39m [37m/wd/hub/session/b520dac7-a546-479e-826d-f596bec28e3d/window/rect[39m [90m{}[39m
[38;5;202m[b520dac7][0m[38;5;86m[HTTP][0m [37m<-- GET /wd/hub/session/b520dac7-a546-479e-826d-f596bec28e3d/window/rect [39m[32m200[39m [90m10 ms - 49[39m [90m[39m
[38;5;202m[b520dac7][0m[38;5;86m[HTTP][0m [37m-->[39m [37mPOST[39m [37m/wd/hub/session/b520dac7-a546-479e-826d-f596bec28e3d/elements[39m [90m{"using":"xpath","value":"//*[@class = 'android.widget.Button' and (@text = 'PAYMENT' or . = 'PAYMENT') and @resource-id = 'com.jimac.tsceres_android:id/button_payment']"}[39m
[38;5;202m[b520dac7][0m[38;5;86m[HTTP][0m [37m<-- POST /wd/hub/session/b520dac7-a546-479e-826d-f596bec28e3d/elements [39m[32m200[39m [90m251 ms - 139[39m [90m[39m
[38;5;202m[b520dac7][0m[38;5;86m[HTTP][0m [37m-->[39m [37mGET[39m [37m/wd/hub/session/b520dac7-a546-479e-826d-f596bec28e3d/element/00000000-0000-1a27-7fff-ffff00000101/location[39m [90m{}[39m
[38;5;202m[b520dac7][0m[38;5;-35m[AndroidUiautomator2Driver@0101][0m Driver proxy active, passing request on via HTTP proxy
[38;5;202m[b520dac7][0m[38;5;-35m[AndroidUiautomator2Driver@0101][0m Replacing sessionId aba2383a-f389-4c4e-96cf-8edd0d020a33 with b520dac7-a546-479e-826d-f596bec28e3d
[38;5;202m[b520dac7][0m[38;5;86m[HTTP][0m [37m<-- GET /wd/hub/session/b520dac7-a546-479e-826d-f596bec28e3d/element/00000000-0000-1a27-7fff-ffff00000101/location [39m[32m200[39m [90m310 ms - 76[39m [90m[39m
[38;5;202m[b520dac7][0m[38;5;86m[HTTP][0m [37m-->[39m [37mPOST[39m [37m/wd/hub/session/b520dac7-a546-479e-826d-f596bec28e3d/element/00000000-0000-1a27-7fff-ffff00000101/click[39m [90m{"id":"00000000-0000-1a27-7fff-ffff00000101"}[39m
[38;5;202m[b520dac7][0m[38;5;86m[HTTP][0m [37m<-- POST /wd/hub/session/b520dac7-a546-479e-826d-f596bec28e3d/element/00000000-0000-1a27-7fff-ffff00000101/click [39m[32m200[39m [90m52 ms - 14[39m [90m[39m
[38;5;202m[b520dac7][0m[38;5;86m[HTTP][0m [37m-->[39m [37mGET[39m [37m/wd/hub/session/b520dac7-a546-479e-826d-f596bec28e3d/source[39m [90m{}[39m
[38;5;202m[b520dac7][0m[38;5;-35m[AndroidUiautomator2Driver@0101][0m Driver proxy active, passing request on via HTTP proxy
[38;5;202m[b520dac7][0m[38;5;-35m[AndroidUiautomator2Driver@0101][0m Replacing sessionId aba2383a-f389-4c4e-96cf-8edd0d020a33 with b520dac7-a546-479e-826d-f596bec28e3d
[38;5;202m[b520dac7][0m[38;5;86m[HTTP][0m [37m<-- GET /wd/hub/session/b520dac7-a546-479e-826d-f596bec28e3d/source [39m[32m200[39m [90m1186 ms - 17386[39m [90m[39m
[38;5;202m[b520dac7][0m[38;5;86m[HTTP][0m [37m-->[39m [37mGET[39m [37m/wd/hub/session/b520dac7-a546-479e-826d-f596bec28e3d/screenshot[39m [90m{}[39m
[38;5;202m[b520dac7][0m[38;5;86m[HTTP][0m [37m<-- GET /wd/hub/session/b520dac7-a546-479e-826d-f596bec28e3d/screenshot [39m[32m200[39m [90m332 ms - 53436[39m [90m[39m
[38;5;202m[b520dac7][0m[38;5;86m[HTTP][0m [37m-->[39m [37mGET[39m [37m/wd/hub/session/b520dac7-a546-479e-826d-f596bec28e3d/window/rect[39m [90m{}[39m
[38;5;202m[b520dac7][0m[38;5;86m[HTTP][0m [37m<-- GET /wd/hub/session/b520dac7-a546-479e-826d-f596bec28e3d/window/rect [39m[32m200[39m [90m9 ms - 49[39m [90m[39m
[38;5;202m[b520dac7][0m[38;5;86m[HTTP][0m [37m-->[39m [37mPOST[39m [37m/wd/hub/session/b520dac7-a546-479e-826d-f596bec28e3d/elements[39m [90m{"using":"xpath","value":"//*[@class = 'android.widget.Button' and (@text = 'PAYMENT LOOKUP' or . = 'PAYMENT LOOKUP')]"}[39m
[38;5;202m[b520dac7][0m[38;5;86m[HTTP][0m [37m<-- POST /wd/hub/session/b520dac7-a546-479e-826d-f596bec28e3d/elements [39m[32m200[39m [90m107 ms - 139[39m [90m[39m
[38;5;202m[b520dac7][0m[38;5;86m[HTTP][0m [37m-->[39m [37mGET[39m [37m/wd/hub/session/b520dac7-a546-479e-826d-f596bec28e3d/element/00000000-0000-1a29-7fff-ffff0000019e/location[39m [90m{}[39m
[38;5;202m[b520dac7][0m[38;5;-35m[AndroidUiautomator2Driver@0101][0m Driver proxy active, passing request on via HTTP proxy
[38;5;202m[b520dac7][0m[38;5;-35m[AndroidUiautomator2Driver@0101][0m Replacing sessionId aba2383a-f389-4c4e-96cf-8edd0d020a33 with b520dac7-a546-479e-826d-f596bec28e3d
[38;5;202m[b520dac7][0m[38;5;86m[HTTP][0m [37m<-- GET /wd/hub/session/b520dac7-a546-479e-826d-f596bec28e3d/element/00000000-0000-1a29-7fff-ffff0000019e/location [39m[32m200[39m [90m31 ms - 76[39m [90m[39m
[38;5;202m[b520dac7][0m[38;5;86m[HTTP][0m [37m-->[39m [37mPOST[39m [37m/wd/hub/session/b520dac7-a546-479e-826d-f596bec28e3d/element/00000000-0000-1a29-7fff-ffff0000019e/click[39m [90m{"id":"00000000-0000-1a29-7fff-ffff0000019e"}[39m
[38;5;202m[b520dac7][0m[38;5;86m[HTTP][0m [37m<-- POST /wd/hub/session/b520dac7-a546-479e-826d-f596bec28e3d/element/00000000-0000-1a29-7fff-ffff0000019e/click [39m[32m200[39m [90m48 ms - 14[39m [90m[39m
[38;5;202m[b520dac7][0m[38;5;86m[HTTP][0m [37m-->[39m [37mGET[39m [37m/wd/hub/session/b520dac7-a546-479e-826d-f596bec28e3d/source[39m [90m{}[39m
[38;5;202m[b520dac7][0m[38;5;-35m[AndroidUiautomator2Driver@0101][0m Driver proxy active, passing request on via HTTP proxy
[38;5;202m[b520dac7][0m[38;5;-35m[AndroidUiautomator2Driver@0101][0m Replacing sessionId aba2383a-f389-4c4e-96cf-8edd0d020a33 with b520dac7-a546-479e-826d-f596bec28e3d
[38;5;202m[b520dac7][0m[38;5;86m[HTTP][0m [37m<-- GET /wd/hub/session/b520dac7-a546-479e-826d-f596bec28e3d/source [39m[32m200[39m [90m241 ms - 20379[39m [90m[39m
[38;5;202m[b520dac7][0m[38;5;86m[HTTP][0m [37m-->[39m [37mGET[39m [37m/wd/hub/session/b520dac7-a546-479e-826d-f596bec28e3d/screenshot[39m [90m{}[39m
[38;5;202m[b520dac7][0m[38;5;86m[HTTP][0m [37m<-- GET /wd/hub/session/b520dac7-a546-479e-826d-f596bec28e3d/screenshot [39m[32m200[39m [90m357 ms - 62716[39m [90m[39m
[38;5;202m[b520dac7][0m[38;5;86m[HTTP][0m [37m-->[39m [37mGET[39m [37m/wd/hub/session/b520dac7-a546-479e-826d-f596bec28e3d/window/rect[39m [90m{}[39m
[38;5;202m[b520dac7][0m[38;5;86m[HTTP][0m [37m<-- GET /wd/hub/session/b520dac7-a546-479e-826d-f596bec28e3d/window/rect [39m[32m200[39m [90m9 ms - 49[39m [90m[39m
[38;5;202m[b520dac7][0m[38;5;86m[HTTP][0m [37m-->[39m [37mPOST[39m [37m/wd/hub/session/b520dac7-a546-479e-826d-f596bec28e3d/elements[39m [90m{"using":"xpath","value":"//*[@class = 'android.widget.Button' and (@text = 'CASH' or . = 'CASH')]"}[39m
[38;5;202m[b520dac7][0m[38;5;86m[HTTP][0m [37m<-- POST /wd/hub/session/b520dac7-a546-479e-826d-f596bec28e3d/elements [39m[32m200[39m [90m122 ms - 139[39m [90m[39m
[38;5;202m[b520dac7][0m[38;5;86m[HTTP][0m [37m-->[39m [37mGET[39m [37m/wd/hub/session/b520dac7-a546-479e-826d-f596bec28e3d/element/00000000-0000-1a29-7fff-ffff000001d0/location[39m [90m{}[39m
[38;5;202m[b520dac7][0m[38;5;-35m[AndroidUiautomator2Driver@0101][0m Driver proxy active, passing request on via HTTP proxy
[38;5;202m[b520dac7][0m[38;5;-35m[AndroidUiautomator2Driver@0101][0m Replacing sessionId aba2383a-f389-4c4e-96cf-8edd0d020a33 with b520dac7-a546-479e-826d-f596bec28e3d
[38;5;202m[b520dac7][0m[38;5;86m[HTTP][0m [37m<-- GET /wd/hub/session/b520dac7-a546-479e-826d-f596bec28e3d/element/00000000-0000-1a29-7fff-ffff000001d0/location [39m[32m200[39m [90m30 ms - 78[39m [90m[39m
[38;5;202m[b520dac7][0m[38;5;86m[HTTP][0m [37m-->[39m [37mPOST[39m [37m/wd/hub/session/b520dac7-a546-479e-826d-f596bec28e3d/element/00000000-0000-1a29-7fff-ffff000001d0/click[39m [90m{"id":"00000000-0000-1a29-7fff-ffff000001d0"}[39m
[38;5;202m[b520dac7][0m[38;5;86m[HTTP][0m [37m<-- POST /wd/hub/session/b520dac7-a546-479e-826d-f596bec28e3d/element/00000000-0000-1a29-7fff-ffff000001d0/click [39m[32m200[39m [90m37 ms - 14[39m [90m[39m
[38;5;202m[b520dac7][0m[38;5;86m[HTTP][0m [37m-->[39m [37mGET[39m [37m/wd/hub/session/b520dac7-a546-479e-826d-f596bec28e3d/source[39m [90m{}[39m
[38;5;202m[b520dac7][0m[38;5;-35m[AndroidUiautomator2Driver@0101][0m Driver proxy active, passing request on via HTTP proxy
[38;5;202m[b520dac7][0m[38;5;-35m[AndroidUiautomator2Driver@0101][0m Replacing sessionId aba2383a-f389-4c4e-96cf-8edd0d020a33 with b520dac7-a546-479e-826d-f596bec28e3d
[38;5;202m[b520dac7][0m[38;5;86m[HTTP][0m [37m<-- GET /wd/hub/session/b520dac7-a546-479e-826d-f596bec28e3d/source [39m[32m200[39m [90m579 ms - 37140[39m [90m[39m
[38;5;202m[b520dac7][0m[38;5;86m[HTTP][0m [37m-->[39m [37mGET[39m [37m/wd/hub/session/b520dac7-a546-479e-826d-f596bec28e3d/screenshot[39m [90m{}[39m
[38;5;202m[b520dac7][0m[38;5;86m[HTTP][0m [37m<-- GET /wd/hub/session/b520dac7-a546-479e-826d-f596bec28e3d/screenshot [39m[32m200[39m [90m466 ms - 342576[39m [90m[39m
[38;5;202m[b520dac7][0m[38;5;86m[HTTP][0m [37m-->[39m [37mGET[39m [37m/wd/hub/session/b520dac7-a546-479e-826d-f596bec28e3d/window/rect[39m [90m{}[39m
[38;5;202m[b520dac7][0m[38;5;86m[HTTP][0m [37m<-- GET /wd/hub/session/b520dac7-a546-479e-826d-f596bec28e3d/window/rect [39m[32m200[39m [90m10 ms - 49[39m [90m[39m
[38;5;202m[b520dac7][0m[38;5;86m[HTTP][0m [37m-->[39m [37mPOST[39m [37m/wd/hub/session/b520dac7-a546-479e-826d-f596bec28e3d/elements[39m [90m{"using":"xpath","value":"//*[@class = 'android.widget.TextView' and (@text = '2' or . = '2') and @resource-id = 'com.jimac.tsceres_android:id/tv_num2']"}[39m
[38;5;202m[b520dac7][0m[38;5;86m[HTTP][0m [37m<-- POST /wd/hub/session/b520dac7-a546-479e-826d-f596bec28e3d/elements [39m[32m200[39m [90m208 ms - 139[39m [90m[39m
[38;5;202m[b520dac7][0m[38;5;86m[HTTP][0m [37m-->[39m [37mGET[39m [37m/wd/hub/session/b520dac7-a546-479e-826d-f596bec28e3d/element/00000000-0000-1a29-7fff-ffff000001da/location[39m [90m{}[39m
[38;5;202m[b520dac7][0m[38;5;-35m[AndroidUiautomator2Driver@0101][0m Driver proxy active, passing request on via HTTP proxy
[38;5;202m[b520dac7][0m[38;5;-35m[AndroidUiautomator2Driver@0101][0m Replacing sessionId aba2383a-f389-4c4e-96cf-8edd0d020a33 with b520dac7-a546-479e-826d-f596bec28e3d
[38;5;202m[b520dac7][0m[38;5;86m[HTTP][0m [37m<-- GET /wd/hub/session/b520dac7-a546-479e-826d-f596bec28e3d/element/00000000-0000-1a29-7fff-ffff000001da/location [39m[32m200[39m [90m33 ms - 78[39m [90m[39m
[38;5;202m[b520dac7][0m[38;5;86m[HTTP][0m [37m-->[39m [37mPOST[39m [37m/wd/hub/session/b520dac7-a546-479e-826d-f596bec28e3d/element/00000000-0000-1a29-7fff-ffff000001da/click[39m [90m{"id":"00000000-0000-1a29-7fff-ffff000001da"}[39m
[38;5;202m[b520dac7][0m[38;5;86m[HTTP][0m [37m<-- POST /wd/hub/session/b520dac7-a546-479e-826d-f596bec28e3d/element/00000000-0000-1a29-7fff-ffff000001da/click [39m[32m200[39m [90m46 ms - 14[39m [90m[39m
[38;5;202m[b520dac7][0m[38;5;86m[HTTP][0m [37m-->[39m [37mGET[39m [37m/wd/hub/session/b520dac7-a546-479e-826d-f596bec28e3d/source[39m [90m{}[39m
[38;5;202m[b520dac7][0m[38;5;-35m[AndroidUiautomator2Driver@0101][0m Driver proxy active, passing request on via HTTP proxy
[38;5;202m[b520dac7][0m[38;5;-35m[AndroidUiautomator2Driver@0101][0m Replacing sessionId aba2383a-f389-4c4e-96cf-8edd0d020a33 with b520dac7-a546-479e-826d-f596bec28e3d
[38;5;202m[b520dac7][0m[38;5;86m[HTTP][0m [37m<-- GET /wd/hub/session/b520dac7-a546-479e-826d-f596bec28e3d/source [39m[32m200[39m [90m425 ms - 37140[39m [90m[39m
[38;5;202m[b520dac7][0m[38;5;86m[HTTP][0m [37m-->[39m [37mGET[39m [37m/wd/hub/session/b520dac7-a546-479e-826d-f596bec28e3d/screenshot[39m [90m{}[39m
[38;5;202m[b520dac7][0m[38;5;86m[HTTP][0m [37m<-- GET /wd/hub/session/b520dac7-a546-479e-826d-f596bec28e3d/screenshot [39m[32m200[39m [90m486 ms - 344864[39m [90m[39m
[38;5;202m[b520dac7][0m[38;5;86m[HTTP][0m [37m-->[39m [37mGET[39m [37m/wd/hub/session/b520dac7-a546-479e-826d-f596bec28e3d/window/rect[39m [90m{}[39m
[38;5;202m[b520dac7][0m[38;5;86m[HTTP][0m [37m<-- GET /wd/hub/session/b520dac7-a546-479e-826d-f596bec28e3d/window/rect [39m[32m200[39m [90m9 ms - 49[39m [90m[39m
[38;5;202m[b520dac7][0m[38;5;86m[HTTP][0m [37m-->[39m [37mPOST[39m [37m/wd/hub/session/b520dac7-a546-479e-826d-f596bec28e3d/elements[39m [90m{"using":"xpath","value":"//*[@class = 'android.widget.TextView' and (@text = '2' or . = '2') and @resource-id = 'com.jimac.tsceres_android:id/tv_num2']"}[39m
[38;5;202m[b520dac7][0m[38;5;86m[HTTP][0m [37m<-- POST /wd/hub/session/b520dac7-a546-479e-826d-f596bec28e3d/elements [39m[32m200[39m [90m245 ms - 139[39m [90m[39m
[38;5;202m[b520dac7][0m[38;5;86m[HTTP][0m [37m-->[39m [37mGET[39m [37m/wd/hub/session/b520dac7-a546-479e-826d-f596bec28e3d/element/00000000-0000-1a29-7fff-ffff000001da/location[39m [90m{}[39m
[38;5;202m[b520dac7][0m[38;5;-35m[AndroidUiautomator2Driver@0101][0m Driver proxy active, passing request on via HTTP proxy
[38;5;202m[b520dac7][0m[38;5;-35m[AndroidUiautomator2Driver@0101][0m Replacing sessionId aba2383a-f389-4c4e-96cf-8edd0d020a33 with b520dac7-a546-479e-826d-f596bec28e3d
[38;5;202m[b520dac7][0m[38;5;86m[HTTP][0m [37m<-- GET /wd/hub/session/b520dac7-a546-479e-826d-f596bec28e3d/element/00000000-0000-1a29-7fff-ffff000001da/location [39m[32m200[39m [90m342 ms - 78[39m [90m[39m
[38;5;202m[b520dac7][0m[38;5;86m[HTTP][0m [37m-->[39m [37mPOST[39m [37m/wd/hub/session/b520dac7-a546-479e-826d-f596bec28e3d/element/00000000-0000-1a29-7fff-ffff000001da/click[39m [90m{"id":"00000000-0000-1a29-7fff-ffff000001da"}[39m
[38;5;202m[b520dac7][0m[38;5;86m[HTTP][0m [37m<-- POST /wd/hub/session/b520dac7-a546-479e-826d-f596bec28e3d/element/00000000-0000-1a29-7fff-ffff000001da/click [39m[32m200[39m [90m51 ms - 14[39m [90m[39m
[38;5;202m[b520dac7][0m[38;5;86m[HTTP][0m [37m-->[39m [37mGET[39m [37m/wd/hub/session/b520dac7-a546-479e-826d-f596bec28e3d/source[39m [90m{}[39m
[38;5;202m[b520dac7][0m[38;5;-35m[AndroidUiautomator2Driver@0101][0m Driver proxy active, passing request on via HTTP proxy
[38;5;202m[b520dac7][0m[38;5;-35m[AndroidUiautomator2Driver@0101][0m Replacing sessionId aba2383a-f389-4c4e-96cf-8edd0d020a33 with b520dac7-a546-479e-826d-f596bec28e3d
[38;5;202m[b520dac7][0m[38;5;86m[HTTP][0m [37m<-- GET /wd/hub/session/b520dac7-a546-479e-826d-f596bec28e3d/source [39m[32m200[39m [90m652 ms - 37142[39m [90m[39m
[38;5;202m[b520dac7][0m[38;5;86m[HTTP][0m [37m-->[39m [37mGET[39m [37m/wd/hub/session/b520dac7-a546-479e-826d-f596bec28e3d/screenshot[39m [90m{}[39m
[38;5;202m[b520dac7][0m[38;5;86m[HTTP][0m [37m<-- GET /wd/hub/session/b520dac7-a546-479e-826d-f596bec28e3d/screenshot [39m[32m200[39m [90m483 ms - 345152[39m [90m[39m
[38;5;202m[b520dac7][0m[38;5;86m[HTTP][0m [37m-->[39m [37mGET[39m [37m/wd/hub/session/b520dac7-a546-479e-826d-f596bec28e3d/window/rect[39m [90m{}[39m
[38;5;202m[b520dac7][0m[38;5;86m[HTTP][0m [37m<-- GET /wd/hub/session/b520dac7-a546-479e-826d-f596bec28e3d/window/rect [39m[32m200[39m [90m9 ms - 49[39m [90m[39m
[38;5;202m[b520dac7][0m[38;5;86m[HTTP][0m [37m-->[39m [37mPOST[39m [37m/wd/hub/session/b520dac7-a546-479e-826d-f596bec28e3d/elements[39m [90m{"using":"xpath","value":"//*[@class = 'android.widget.TextView' and (@text = '0' or . = '0') and @resource-id = 'com.jimac.tsceres_android:id/tv_num0']"}[39m
[38;5;202m[b520dac7][0m[38;5;86m[HTTP][0m [37m<-- POST /wd/hub/session/b520dac7-a546-479e-826d-f596bec28e3d/elements [39m[32m200[39m [90m248 ms - 139[39m [90m[39m
[38;5;202m[b520dac7][0m[38;5;86m[HTTP][0m [37m-->[39m [37mGET[39m [37m/wd/hub/session/b520dac7-a546-479e-826d-f596bec28e3d/element/00000000-0000-1a29-7fff-ffff000001d9/location[39m [90m{}[39m
[38;5;202m[b520dac7][0m[38;5;-35m[AndroidUiautomator2Driver@0101][0m Driver proxy active, passing request on via HTTP proxy
[38;5;202m[b520dac7][0m[38;5;-35m[AndroidUiautomator2Driver@0101][0m Replacing sessionId aba2383a-f389-4c4e-96cf-8edd0d020a33 with b520dac7-a546-479e-826d-f596bec28e3d
[38;5;202m[b520dac7][0m[38;5;86m[HTTP][0m [37m<-- GET /wd/hub/session/b520dac7-a546-479e-826d-f596bec28e3d/element/00000000-0000-1a29-7fff-ffff000001d9/location [39m[32m200[39m [90m320 ms - 78[39m [90m[39m
[38;5;202m[b520dac7][0m[38;5;86m[HTTP][0m [37m-->[39m [37mPOST[39m [37m/wd/hub/session/b520dac7-a546-479e-826d-f596bec28e3d/element/00000000-0000-1a29-7fff-ffff000001d9/click[39m [90m{"id":"00000000-0000-1a29-7fff-ffff000001d9"}[39m
[38;5;202m[b520dac7][0m[38;5;86m[HTTP][0m [37m<-- POST /wd/hub/session/b520dac7-a546-479e-826d-f596bec28e3d/element/00000000-0000-1a29-7fff-ffff000001d9/click [39m[32m200[39m [90m53 ms - 14[39m [90m[39m
[38;5;202m[b520dac7][0m[38;5;86m[HTTP][0m [37m-->[39m [37mGET[39m [37m/wd/hub/session/b520dac7-a546-479e-826d-f596bec28e3d/source[39m [90m{}[39m
[38;5;202m[b520dac7][0m[38;5;-35m[AndroidUiautomator2Driver@0101][0m Driver proxy active, passing request on via HTTP proxy
[38;5;202m[b520dac7][0m[38;5;-35m[AndroidUiautomator2Driver@0101][0m Replacing sessionId aba2383a-f389-4c4e-96cf-8edd0d020a33 with b520dac7-a546-479e-826d-f596bec28e3d
[38;5;202m[b520dac7][0m[38;5;86m[HTTP][0m [37m<-- GET /wd/hub/session/b520dac7-a546-479e-826d-f596bec28e3d/source [39m[32m200[39m [90m649 ms - 37141[39m [90m[39m
[38;5;202m[b520dac7][0m[38;5;86m[HTTP][0m [37m-->[39m [37mGET[39m [37m/wd/hub/session/b520dac7-a546-479e-826d-f596bec28e3d/screenshot[39m [90m{}[39m
[38;5;202m[b520dac7][0m[38;5;86m[HTTP][0m [37m<-- GET /wd/hub/session/b520dac7-a546-479e-826d-f596bec28e3d/screenshot [39m[32m200[39m [90m473 ms - 343644[39m [90m[39m
[38;5;202m[b520dac7][0m[38;5;86m[HTTP][0m [37m-->[39m [37mGET[39m [37m/wd/hub/session/b520dac7-a546-479e-826d-f596bec28e3d/window/rect[39m [90m{}[39m
[38;5;202m[b520dac7][0m[38;5;86m[HTTP][0m [37m<-- GET /wd/hub/session/b520dac7-a546-479e-826d-f596bec28e3d/window/rect [39m[32m200[39m [90m9 ms - 49[39m [90m[39m
[38;5;202m[b520dac7][0m[38;5;86m[HTTP][0m [37m-->[39m [37mPOST[39m [37m/wd/hub/session/b520dac7-a546-479e-826d-f596bec28e3d/elements[39m [90m{"using":"xpath","value":"//*[@class = 'android.widget.Button' and (@text = 'SETTLEMENT' or . = 'SETTLEMENT') and @resource-id = 'com.jimac.tsceres_android:id/button_settle']"}[39m
[38;5;202m[b520dac7][0m[38;5;86m[HTTP][0m [37m<-- POST /wd/hub/session/b520dac7-a546-479e-826d-f596bec28e3d/elements [39m[32m200[39m [90m441 ms - 139[39m [90m[39m
[38;5;202m[b520dac7][0m[38;5;86m[HTTP][0m [37m-->[39m [37mGET[39m [37m/wd/hub/session/b520dac7-a546-479e-826d-f596bec28e3d/element/00000000-0000-1a29-7fff-ffff00000194/location[39m [90m{}[39m
[38;5;202m[b520dac7][0m[38;5;-35m[AndroidUiautomator2Driver@0101][0m Driver proxy active, passing request on via HTTP proxy
[38;5;202m[b520dac7][0m[38;5;-35m[AndroidUiautomator2Driver@0101][0m Replacing sessionId aba2383a-f389-4c4e-96cf-8edd0d020a33 with b520dac7-a546-479e-826d-f596bec28e3d
[38;5;202m[b520dac7][0m[38;5;86m[HTTP][0m [37m<-- GET /wd/hub/session/b520dac7-a546-479e-826d-f596bec28e3d/element/00000000-0000-1a29-7fff-ffff00000194/location [39m[32m200[39m [90m30 ms - 76[39m [90m[39m
[38;5;202m[b520dac7][0m[38;5;86m[HTTP][0m [37m-->[39m [37mPOST[39m [37m/wd/hub/session/b520dac7-a546-479e-826d-f596bec28e3d/element/00000000-0000-1a29-7fff-ffff00000194/click[39m [90m{"id":"00000000-0000-1a29-7fff-ffff00000194"}[39m
[38;5;202m[b520dac7][0m[38;5;86m[HTTP][0m [37m<-- POST /wd/hub/session/b520dac7-a546-479e-826d-f596bec28e3d/element/00000000-0000-1a29-7fff-ffff00000194/click [39m[32m200[39m [90m50 ms - 14[39m [90m[39m
[38;5;202m[b520dac7][0m[38;5;86m[HTTP][0m [37m-->[39m [37mGET[39m [37m/wd/hub/session/b520dac7-a546-479e-826d-f596bec28e3d/source[39m [90m{}[39m
[38;5;202m[b520dac7][0m[38;5;-35m[AndroidUiautomator2Driver@0101][0m Driver proxy active, passing request on via HTTP proxy
[38;5;202m[b520dac7][0m[38;5;-35m[AndroidUiautomator2Driver@0101][0m Replacing sessionId aba2383a-f389-4c4e-96cf-8edd0d020a33 with b520dac7-a546-479e-826d-f596bec28e3d
[38;5;202m[b520dac7][0m[38;5;86m[HTTP][0m [37m<-- GET /wd/hub/session/b520dac7-a546-479e-826d-f596bec28e3d/source [39m[32m200[39m [90m213 ms - 4694[39m [90m[39m
[38;5;202m[b520dac7][0m[38;5;86m[HTTP][0m [37m-->[39m [37mGET[39m [37m/wd/hub/session/b520dac7-a546-479e-826d-f596bec28e3d/screenshot[39m [90m{}[39m
[38;5;202m[b520dac7][0m[38;5;86m[HTTP][0m [37m<-- GET /wd/hub/session/b520dac7-a546-479e-826d-f596bec28e3d/screenshot [39m[32m200[39m [90m525 ms - 282108[39m [90m[39m
[38;5;202m[b520dac7][0m[38;5;86m[HTTP][0m [37m-->[39m [37mGET[39m [37m/wd/hub/session/b520dac7-a546-479e-826d-f596bec28e3d/source[39m [90m{}[39m
[38;5;202m[b520dac7][0m[38;5;-35m[AndroidUiautomator2Driver@0101][0m Driver proxy active, passing request on via HTTP proxy
[38;5;202m[b520dac7][0m[38;5;-35m[AndroidUiautomator2Driver@0101][0m Replacing sessionId aba2383a-f389-4c4e-96cf-8edd0d020a33 with b520dac7-a546-479e-826d-f596bec28e3d
[38;5;202m[b520dac7][0m[38;5;86m[HTTP][0m [37m<-- GET /wd/hub/session/b520dac7-a546-479e-826d-f596bec28e3d/source [39m[32m200[39m [90m77 ms - 6749[39m [90m[39m
[38;5;202m[b520dac7][0m[38;5;86m[HTTP][0m [37m-->[39m [37mGET[39m [37m/wd/hub/session/b520dac7-a546-479e-826d-f596bec28e3d/screenshot[39m [90m{}[39m
[38;5;202m[b520dac7][0m[38;5;86m[HTTP][0m [37m<-- GET /wd/hub/session/b520dac7-a546-479e-826d-f596bec28e3d/screenshot [39m[32m200[39m [90m519 ms - 287784[39m [90m[39m
[38;5;202m[b520dac7][0m[38;5;86m[HTTP][0m [37m-->[39m [37mGET[39m [37m/wd/hub/session/b520dac7-a546-479e-826d-f596bec28e3d/window/rect[39m [90m{}[39m
[38;5;202m[b520dac7][0m[38;5;86m[HTTP][0m [37m<-- GET /wd/hub/session/b520dac7-a546-479e-826d-f596bec28e3d/window/rect [39m[32m200[39m [90m12 ms - 49[39m [90m[39m
[38;5;202m[b520dac7][0m[38;5;86m[HTTP][0m [37m-->[39m [37mPOST[39m [37m/wd/hub/session/b520dac7-a546-479e-826d-f596bec28e3d/elements[39m [90m{"using":"xpath","value":"//*[@class = 'android.widget.Button' and (@text = 'OK' or . = 'OK') and @resource-id = 'com.jimac.tsceres_android:id/prompt_ok']"}[39m
[38;5;202m[b520dac7][0m[38;5;86m[HTTP][0m [37m<-- POST /wd/hub/session/b520dac7-a546-479e-826d-f596bec28e3d/elements [39m[32m200[39m [90m77 ms - 139[39m [90m[39m
[38;5;202m[b520dac7][0m[38;5;86m[HTTP][0m [37m-->[39m [37mGET[39m [37m/wd/hub/session/b520dac7-a546-479e-826d-f596bec28e3d/element/00000000-0000-1a2b-7fff-ffff0000021f/location[39m [90m{}[39m
[38;5;202m[b520dac7][0m[38;5;-35m[AndroidUiautomator2Driver@0101][0m Driver proxy active, passing request on via HTTP proxy
[38;5;202m[b520dac7][0m[38;5;-35m[AndroidUiautomator2Driver@0101][0m Replacing sessionId aba2383a-f389-4c4e-96cf-8edd0d020a33 with b520dac7-a546-479e-826d-f596bec28e3d
[38;5;202m[b520dac7][0m[38;5;86m[HTTP][0m [37m<-- GET /wd/hub/session/b520dac7-a546-479e-826d-f596bec28e3d/element/00000000-0000-1a2b-7fff-ffff0000021f/location [39m[32m200[39m [90m59 ms - 78[39m [90m[39m
[38;5;202m[b520dac7][0m[38;5;86m[HTTP][0m [37m-->[39m [37mPOST[39m [37m/wd/hub/session/b520dac7-a546-479e-826d-f596bec28e3d/element/00000000-0000-1a2b-7fff-ffff0000021f/click[39m [90m{"id":"00000000-0000-1a2b-7fff-ffff0000021f"}[39m
[38;5;202m[b520dac7][0m[38;5;86m[HTTP][0m [37m<-- POST /wd/hub/session/b520dac7-a546-479e-826d-f596bec28e3d/element/00000000-0000-1a2b-7fff-ffff0000021f/click [39m[32m200[39m [90m43 ms - 14[39m [90m[39m
[38;5;202m[b520dac7][0m[38;5;86m[HTTP][0m [37m-->[39m [37mGET[39m [37m/wd/hub/session/b520dac7-a546-479e-826d-f596bec28e3d/source[39m [90m{}[39m
[38;5;202m[b520dac7][0m[38;5;-35m[AndroidUiautomator2Driver@0101][0m Driver proxy active, passing request on via HTTP proxy
[38;5;202m[b520dac7][0m[38;5;-35m[AndroidUiautomator2Driver@0101][0m Replacing sessionId aba2383a-f389-4c4e-96cf-8edd0d020a33 with b520dac7-a546-479e-826d-f596bec28e3d
[38;5;202m[b520dac7][0m[38;5;86m[HTTP][0m [37m<-- GET /wd/hub/session/b520dac7-a546-479e-826d-f596bec28e3d/source [39m[32m200[39m [90m1607 ms - 33991[39m [90m[39m
[38;5;202m[b520dac7][0m[38;5;86m[HTTP][0m [37m-->[39m [37mGET[39m [37m/wd/hub/session/b520dac7-a546-479e-826d-f596bec28e3d/screenshot[39m [90m{}[39m
[38;5;202m[b520dac7][0m[38;5;86m[HTTP][0m [37m<-- GET /wd/hub/session/b520dac7-a546-479e-826d-f596bec28e3d/screenshot [39m[32m200[39m [90m358 ms - 92380[39m [90m[39m
[38;5;202m[b520dac7][0m[38;5;86m[HTTP][0m [37m-->[39m [37mDELETE[39m [37m/wd/hub/session/b520dac7-a546-479e-826d-f596bec28e3d[39m [90m{}[39m
[38;5;202m[b520dac7][0m[38;5;82m[AppiumDriver@4bea][0m Removing session b520dac7-a546-479e-826d-f596bec28e3d from our master session list
[38;5;202m[b520dac7][0m[38;5;86m[HTTP][0m [37m<-- DELETE /wd/hub/session/b520dac7-a546-479e-826d-f596bec28e3d [39m[32m200[39m [90m1036 ms - 14[39m [90m[39m
